#
# A fatal error has been detected by the Java Runtime Environment:
#
#  SIGSEGV (0xb) at pc=0x0000000000000000, pid=7569, tid=0x0000000000001703
#
# JRE version: Java(TM) SE Runtime Environment (8.0_101-b13) (build 1.8.0_101-b13)
# Java VM: Java HotSpot(TM) 64-Bit Server VM (25.101-b13 mixed mode bsd-amd64 compressed oops)
# Problematic frame:
# C  0x0000000000000000
#
# Failed to write core dump. Core dumps have been disabled. To enable core dumping, try "ulimit -c unlimited" before starting Java again
#
# If you would like to submit a bug report, please visit:
#   http://bugreport.java.com/bugreport/crash.jsp
# The crash happened outside the Java Virtual Machine in native code.
# See problematic frame for where to report the bug.
#

---------------  T H R E A D  ---------------

Current thread (0x00007fa909002000):  JavaThread "main" [_thread_in_native, id=5891, stack(0x000070000c3f2000,0x000070000c4f2000)]

siginfo: si_signo: 11 (SIGSEGV), si_code: 1 (SEGV_MAPERR), si_addr: 0x0000000000000000

Registers:
RAX=0x000000012b5076e0, RBX=0x00000001154cfe78, RCX=0x000000010eece360, RDX=0x0000000000000001
RSP=0x000070000c4f15e8, RBP=0x000070000c4f1600, RSI=0x000070000c4f15fc, RDI=0x0000000000000001
R8 =0x0000000000000000, R9 =0x00007fa907e2d340, R10=0x0000000115b169a8, R11=0x000000010eb91b5b
R12=0x0000000000000000, R13=0x00000001154cfe78, R14=0x000070000c4f1678, R15=0x00007fa909002000
RIP=0x0000000000000000, EFLAGS=0x0000000000010206, ERR=0x0000000000000014
  TRAPNO=0x000000000000000e

Top of Stack: (sp=0x000070000c4f15e8)
0x000070000c4f15e8:   000000012b5076f4 000070000c4f1658
0x000070000c4f15f8:   0000000115b16872 000070000c4f1658
0x000070000c4f1608:   0000000115b169d4 0000000115b16722
0x000070000c4f1618:   000070000c4f1618 00000001154cfe78
0x000070000c4f1628:   000070000c4f1678 00000001154d2b88
0x000070000c4f1638:   0000000000000000 00000001154cfe78
0x000070000c4f1648:   0000000000000000 000070000c4f1678
0x000070000c4f1658:   000070000c4f16c0 0000000115b06d00
0x000070000c4f1668:   000000079861f888 0000000115b10536
0x000070000c4f1678:   0000000000000001 000070000c4f1680
0x000070000c4f1688:   00000001154cfdd1 000070000c4f16d0
0x000070000c4f1698:   00000001154d2b88 0000000000000000
0x000070000c4f16a8:   00000001154cfdf0 000070000c4f1678
0x000070000c4f16b8:   000070000c4f16d8 000070000c4f1720
0x000070000c4f16c8:   0000000115b06d00 0000000000000000
0x000070000c4f16d8:   0000000798614e38 000070000c4f16e0
0x000070000c4f16e8:   000000011546bdfd 000070000c4f1730
0x000070000c4f16f8:   000000011546c698 0000000000000000
0x000070000c4f1708:   000000011546be40 000070000c4f16d8
0x000070000c4f1718:   000070000c4f1730 000070000c4f1788
0x000070000c4f1728:   0000000115b072bd 0000000798614e38
0x000070000c4f1738:   0000000798614e38 0000000798612528
0x000070000c4f1748:   000070000c4f1748 0000000115464d81
0x000070000c4f1758:   000070000c4f1798 000000011546b7e0
0x000070000c4f1768:   0000000000000000 0000000115464dc0
0x000070000c4f1778:   000070000c4f1730 000070000c4f1798
0x000070000c4f1788:   000070000c4f17f0 0000000115b072bd
0x000070000c4f1798:   0000000798612528 0000000798612528
0x000070000c4f17a8:   0000000799d046f8 000070000c4f17b0
0x000070000c4f17b8:   0000000115463d6f 000070000c4f1820
0x000070000c4f17c8:   0000000115464f80 0000000000000000
0x000070000c4f17d8:   0000000115463dd0 000070000c4f1798 

Instructions: (pc=0x0000000000000000)
0xffffffffffffffe0:   

Register to memory mapping:

RAX=0x000000012b5076e0: Java_org_lwjgl_openal_AL10_nalGenSources2+0 in /Users/Timothy/Documents/Java Workspace/lwjgl/lib/native/macosx/liblwjgl.dylib at 0x000000012b504000
RBX={method} {0x00000001154cfe78} 'nalGenSources2' '(I)I' in 'org/lwjgl/openal/AL10'
RCX=0x000000010eece360: UseMembar+0 in /Library/Java/JavaVirtualMachines/jdk1.8.0_101.jdk/Contents/Home/jre/lib/server/libjvm.dylib at 0x000000010e6af000
RDX=0x0000000000000001 is an unknown value
RSP=0x000070000c4f15e8 is pointing into the stack for thread: 0x00007fa909002000
RBP=0x000070000c4f1600 is pointing into the stack for thread: 0x00007fa909002000
RSI=0x000070000c4f15fc is pointing into the stack for thread: 0x00007fa909002000
RDI=0x0000000000000001 is an unknown value
R8 =0x0000000000000000 is an unknown value
R9 =0x00007fa907e2d340 is an unknown value
R10=0x0000000115b169a8 is at code_begin+808 in an Interpreter codelet
method entry point (kind = native)  [0x0000000115b16680, 0x0000000115b16f80]  2304 bytes
R11=0x000000010eb91b5b: throw_unsatisfied_link_error+0 in /Library/Java/JavaVirtualMachines/jdk1.8.0_101.jdk/Contents/Home/jre/lib/server/libjvm.dylib at 0x000000010e6af000
R12=0x0000000000000000 is an unknown value
R13={method} {0x00000001154cfe78} 'nalGenSources2' '(I)I' in 'org/lwjgl/openal/AL10'
R14=0x000070000c4f1678 is pointing into the stack for thread: 0x00007fa909002000
R15=0x00007fa909002000 is a thread


Stack: [0x000070000c3f2000,0x000070000c4f2000],  sp=0x000070000c4f15e8,  free space=1021k
Java frames: (J=compiled Java code, j=interpreted, Vv=VM code)
j  org.lwjgl.openal.AL10.nalGenSources2(I)I+0
j  org.lwjgl.openal.AL10.alGenSources()I+1
j  site.root3287.lwjgl.audio.AudioSource.<init>()V+5
j  site.root3287.lwjgl.component.SoundComponent.<init>()V+9
j  site.root3287.lwjgl.entities.model.StandfordBunny.<init>(Lsite/root3287/lwjgl/engine/Loader;)V+103
j  site.root3287.lwjgl.screen.screens.Test.init()V+123
j  site.root3287.lwjgl.LWJGL.<init>([Ljava/lang/String;)V+51
j  site.root3287.lwjgl.LWJGL.main([Ljava/lang/String;)V+4
v  ~StubRoutines::call_stub

---------------  P R O C E S S  ---------------

Java Threads: ( => current thread )
  0x00007fa90995d800 JavaThread "AWT-Shutdown" [_thread_blocked, id=29471, stack(0x000070000d29f000,0x000070000d39f000)]
  0x00007fa90985b000 JavaThread "AppKit Thread" daemon [_thread_in_native, id=775, stack(0x00007fff50dd0000,0x00007fff515d0000)]
  0x00007fa908854800 JavaThread "Service Thread" daemon [_thread_blocked, id=18691, stack(0x000070000d016000,0x000070000d116000)]
  0x00007fa909837000 JavaThread "C1 CompilerThread2" daemon [_thread_blocked, id=18179, stack(0x000070000cf13000,0x000070000d013000)]
  0x00007fa909836800 JavaThread "C2 CompilerThread1" daemon [_thread_in_native, id=17667, stack(0x000070000ce10000,0x000070000cf10000)]
  0x00007fa909835000 JavaThread "C2 CompilerThread0" daemon [_thread_blocked, id=17155, stack(0x000070000cd0d000,0x000070000ce0d000)]
  0x00007fa909834000 JavaThread "Signal Dispatcher" daemon [_thread_blocked, id=16643, stack(0x000070000cc0a000,0x000070000cd0a000)]
  0x00007fa909011800 JavaThread "Finalizer" daemon [_thread_blocked, id=12547, stack(0x000070000cb07000,0x000070000cc07000)]
  0x00007fa90900f000 JavaThread "Reference Handler" daemon [_thread_blocked, id=12035, stack(0x000070000ca04000,0x000070000cb04000)]
=>0x00007fa909002000 JavaThread "main" [_thread_in_native, id=5891, stack(0x000070000c3f2000,0x000070000c4f2000)]

Other Threads:
  0x00007fa90883b000 VMThread [stack: 0x000070000c901000,0x000070000ca01000] [id=11523]
  0x00007fa90883b800 WatcherThread [stack: 0x000070000d119000,0x000070000d219000] [id=19203]

VM state:not at safepoint (normal execution)

VM Mutex/Monitor currently owned by a thread: None

Heap:
 PSYoungGen      total 71680K, used 58160K [0x0000000795580000, 0x000000079a080000, 0x00000007c0000000)
  eden space 66560K, 79% used [0x0000000795580000,0x0000000798953ef8,0x0000000799680000)
  from space 5120K, 99% used [0x0000000799b80000,0x000000079a0781f8,0x000000079a080000)
  to   space 5120K, 0% used [0x0000000799680000,0x0000000799680000,0x0000000799b80000)
 ParOldGen       total 87552K, used 4080K [0x0000000740000000, 0x0000000745580000, 0x0000000795580000)
  object space 87552K, 4% used [0x0000000740000000,0x00000007403fc020,0x0000000745580000)
 Metaspace       used 7204K, capacity 7395K, committed 7552K, reserved 1056768K
  class space    used 716K, capacity 792K, committed 896K, reserved 1048576K

Card table byte_map: [0x00000001103c0000,0x00000001107c1000] byte_map_base: 0x000000010c9c0000

Marking Bits: (ParMarkBitMap*) 0x000000010ef9cd20
 Begin Bits: [0x0000000110a6c000, 0x0000000112a6c000)
 End Bits:   [0x0000000112a6c000, 0x0000000114a6c000)

Polling page: 0x000000010f748000

CodeCache: size=245760Kb used=2912Kb max_used=2919Kb free=242847Kb
 bounds [0x0000000115aff000, 0x0000000115ddf000, 0x0000000124aff000]
 total_blobs=1082 nmethods=668 adapters=328
 compilation: enabled

Compilation events (10 events):
Event: 2.972 Thread 0x00007fa909835000  665 %     4       site.root3287.lwjgl.engine.objConverter.OBJFileLoader::convertDataToArrays @ 9 (201 bytes)
Event: 2.995 Thread 0x00007fa909835000 nmethod 665% 0x0000000115dd0c90 code [0x0000000115dd0e80, 0x0000000115dd1f18]
Event: 2.995 Thread 0x00007fa909835000  666       4       site.root3287.lwjgl.engine.objConverter.OBJFileLoader::convertDataToArrays (201 bytes)
Event: 3.001 Thread 0x00007fa909837000  667       1       java.lang.Integer::intValue (5 bytes)
Event: 3.002 Thread 0x00007fa909837000 nmethod 667 0x0000000115dcb410 code [0x0000000115dcb560, 0x0000000115dcb670]
Event: 3.010 Thread 0x00007fa909835000 nmethod 666 0x0000000115dd2850 code [0x0000000115dd2a40, 0x0000000115dd3678]
Event: 3.010 Thread 0x00007fa909835000  668 %     4       site.root3287.lwjgl.engine.objConverter.OBJFileLoader::convertIndicesListToArray @ 14 (41 bytes)
Event: 3.016 Thread 0x00007fa909835000 nmethod 668% 0x0000000115dd0650 code [0x0000000115dd07c0, 0x0000000115dd0b18]
Event: 3.017 Thread 0x00007fa909837000  669   !   3       java.util.zip.ZipFile$ZipFileInflaterInputStream::close (67 bytes)
Event: 3.018 Thread 0x00007fa909837000 nmethod 669 0x0000000115dcf890 code [0x0000000115dcfa60, 0x0000000115dd0298]

GC Heap History (8 events):
Event: 2.737 GC heap before
{Heap before GC invocations=1 (full 0):
 PSYoungGen      total 38400K, used 33280K [0x0000000795580000, 0x0000000798000000, 0x00000007c0000000)
  eden space 33280K, 100% used [0x0000000795580000,0x0000000797600000,0x0000000797600000)
  from space 5120K, 0% used [0x0000000797b00000,0x0000000797b00000,0x0000000798000000)
  to   space 5120K, 0% used [0x0000000797600000,0x0000000797600000,0x0000000797b00000)
 ParOldGen       total 87552K, used 0K [0x0000000740000000, 0x0000000745580000, 0x0000000795580000)
  object space 87552K, 0% used [0x0000000740000000,0x0000000740000000,0x0000000745580000)
 Metaspace       used 7123K, capacity 7267K, committed 7552K, reserved 1056768K
  class space    used 713K, capacity 792K, committed 896K, reserved 1048576K
Event: 2.743 GC heap after
Heap after GC invocations=1 (full 0):
 PSYoungGen      total 38400K, used 3834K [0x0000000795580000, 0x0000000798000000, 0x00000007c0000000)
  eden space 33280K, 0% used [0x0000000795580000,0x0000000795580000,0x0000000797600000)
  from space 5120K, 74% used [0x0000000797600000,0x00000007979be9e8,0x0000000797b00000)
  to   space 5120K, 0% used [0x0000000797b00000,0x0000000797b00000,0x0000000798000000)
 ParOldGen       total 87552K, used 8K [0x0000000740000000, 0x0000000745580000, 0x0000000795580000)
  object space 87552K, 0% used [0x0000000740000000,0x0000000740002000,0x0000000745580000)
 Metaspace       used 7123K, capacity 7267K, committed 7552K, reserved 1056768K
  class space    used 713K, capacity 792K, committed 896K, reserved 1048576K
}
Event: 2.806 GC heap before
{Heap before GC invocations=2 (full 0):
 PSYoungGen      total 38400K, used 37114K [0x0000000795580000, 0x0000000798000000, 0x00000007c0000000)
  eden space 33280K, 100% used [0x0000000795580000,0x0000000797600000,0x0000000797600000)
  from space 5120K, 74% used [0x0000000797600000,0x00000007979be9e8,0x0000000797b00000)
  to   space 5120K, 0% used [0x0000000797b00000,0x0000000797b00000,0x0000000798000000)
 ParOldGen       total 87552K, used 8K [0x0000000740000000, 0x0000000745580000, 0x0000000795580000)
  object space 87552K, 0% used [0x0000000740000000,0x0000000740002000,0x0000000745580000)
 Metaspace       used 7143K, capacity 7331K, committed 7552K, reserved 1056768K
  class space    used 713K, capacity 792K, committed 896K, reserved 1048576K
Event: 2.812 GC heap after
Heap after GC invocations=2 (full 0):
 PSYoungGen      total 38400K, used 4980K [0x0000000795580000, 0x000000079a080000, 0x00000007c0000000)
  eden space 33280K, 0% used [0x0000000795580000,0x0000000795580000,0x0000000797600000)
  from space 5120K, 97% used [0x0000000797b00000,0x0000000797fdd358,0x0000000798000000)
  to   space 5120K, 0% used [0x0000000797600000,0x0000000797600000,0x0000000797b00000)
 ParOldGen       total 87552K, used 16K [0x0000000740000000, 0x0000000745580000, 0x0000000795580000)
  object space 87552K, 0% used [0x0000000740000000,0x0000000740004000,0x0000000745580000)
 Metaspace       used 7143K, capacity 7331K, committed 7552K, reserved 1056768K
  class space    used 713K, capacity 792K, committed 896K, reserved 1048576K
}
Event: 2.851 GC heap before
{Heap before GC invocations=3 (full 0):
 PSYoungGen      total 38400K, used 38260K [0x0000000795580000, 0x000000079a080000, 0x00000007c0000000)
  eden space 33280K, 100% used [0x0000000795580000,0x0000000797600000,0x0000000797600000)
  from space 5120K, 97% used [0x0000000797b00000,0x0000000797fdd358,0x0000000798000000)
  to   space 5120K, 0% used [0x0000000797600000,0x0000000797600000,0x0000000797b00000)
 ParOldGen       total 87552K, used 16K [0x0000000740000000, 0x0000000745580000, 0x0000000795580000)
  object space 87552K, 0% used [0x0000000740000000,0x0000000740004000,0x0000000745580000)
 Metaspace       used 7153K, capacity 7331K, committed 7552K, reserved 1056768K
  class space    used 713K, capacity 792K, committed 896K, reserved 1048576K
Event: 2.858 GC heap after
Heap after GC invocations=3 (full 0):
 PSYoungGen      total 38400K, used 5093K [0x0000000795580000, 0x000000079a080000, 0x00000007c0000000)
  eden space 33280K, 0% used [0x0000000795580000,0x0000000795580000,0x0000000797600000)
  from space 5120K, 99% used [0x0000000797600000,0x0000000797af9460,0x0000000797b00000)
  to   space 5120K, 0% used [0x0000000799b80000,0x0000000799b80000,0x000000079a080000)
 ParOldGen       total 87552K, used 1936K [0x0000000740000000, 0x0000000745580000, 0x0000000795580000)
  object space 87552K, 2% used [0x0000000740000000,0x00000007401e4000,0x0000000745580000)
 Metaspace       used 7153K, capacity 7331K, committed 7552K, reserved 1056768K
  class space    used 713K, capacity 792K, committed 896K, reserved 1048576K
}
Event: 2.891 GC heap before
{Heap before GC invocations=4 (full 0):
 PSYoungGen      total 38400K, used 38183K [0x0000000795580000, 0x000000079a080000, 0x00000007c0000000)
  eden space 33280K, 99% used [0x0000000795580000,0x00000007975d0b08,0x0000000797600000)
  from space 5120K, 99% used [0x0000000797600000,0x0000000797af9460,0x0000000797b00000)
  to   space 5120K, 0% used [0x0000000799b80000,0x0000000799b80000,0x000000079a080000)
 ParOldGen       total 87552K, used 1936K [0x0000000740000000, 0x0000000745580000, 0x0000000795580000)
  object space 87552K, 2% used [0x0000000740000000,0x00000007401e4000,0x0000000745580000)
 Metaspace       used 7164K, capacity 7331K, committed 7552K, reserved 1056768K
  class space    used 714K, capacity 792K, committed 896K, reserved 1048576K
Event: 2.903 GC heap after
Heap after GC invocations=4 (full 0):
 PSYoungGen      total 71680K, used 5088K [0x0000000795580000, 0x000000079a080000, 0x00000007c0000000)
  eden space 66560K, 0% used [0x0000000795580000,0x0000000795580000,0x0000000799680000)
  from space 5120K, 99% used [0x0000000799b80000,0x000000079a0781f8,0x000000079a080000)
  to   space 5120K, 0% used [0x0000000799680000,0x0000000799680000,0x0000000799b80000)
 ParOldGen       total 87552K, used 4080K [0x0000000740000000, 0x0000000745580000, 0x0000000795580000)
  object space 87552K, 4% used [0x0000000740000000,0x00000007403fc020,0x0000000745580000)
 Metaspace       used 7164K, capacity 7331K, committed 7552K, reserved 1056768K
  class space    used 714K, capacity 792K, committed 896K, reserved 1048576K
}

Deoptimization events (8 events):
Event: 2.651 Thread 0x00007fa909002000 Uncommon trap: reason=unstable_if action=reinterpret pc=0x0000000115c8dad4 method=java.lang.String.indexOf([CII[CIII)I @ 3
Event: 2.717 Thread 0x00007fa909002000 Uncommon trap: reason=predicate action=maybe_recompile pc=0x0000000115d78aa8 method=java.util.AbstractCollection.toArray([Ljava/lang/Object;)[Ljava/lang/Object; @ 49
Event: 2.734 Thread 0x00007fa909002000 Uncommon trap: reason=array_check action=maybe_recompile pc=0x0000000115d76b98 method=java.util.AbstractCollection.toArray([Ljava/lang/Object;)[Ljava/lang/Object; @ 119
Event: 2.734 Thread 0x00007fa909002000 Uncommon trap: reason=array_check action=maybe_recompile pc=0x0000000115d76b98 method=java.util.AbstractCollection.toArray([Ljava/lang/Object;)[Ljava/lang/Object; @ 119
Event: 2.734 Thread 0x00007fa909002000 Uncommon trap: reason=array_check action=maybe_recompile pc=0x0000000115d76b98 method=java.util.AbstractCollection.toArray([Ljava/lang/Object;)[Ljava/lang/Object; @ 119
Event: 2.734 Thread 0x00007fa909002000 Uncommon trap: reason=array_check action=maybe_recompile pc=0x0000000115d76b98 method=java.util.AbstractCollection.toArray([Ljava/lang/Object;)[Ljava/lang/Object; @ 119
Event: 2.961 Thread 0x00007fa909002000 Uncommon trap: reason=unstable_if action=reinterpret pc=0x0000000115dc87fc method=java.util.ArrayList$Itr.hasNext()Z @ 11
Event: 2.996 Thread 0x00007fa909002000 Uncommon trap: reason=unstable_if action=reinterpret pc=0x0000000115dd1aa0 method=site.root3287.lwjgl.engine.objConverter.OBJFileLoader.convertDataToArrays(Ljava/util/List;Ljava/util/List;Ljava/util/List;[F[F[F)F @ 195

Internal exceptions (10 events):
Event: 0.038 Thread 0x00007fa909002000 Exception <a 'java/lang/NoSuchMethodError': Method sun.misc.Unsafe.defineClass(Ljava/lang/String;[BII)Ljava/lang/Class; name or signature does not match> (0x0000000795587cc0) thrown at [/HUDSON3/workspace/8-2-build-macosx-x86_64/jdk8u101/7261/hotspot/src/
Event: 0.038 Thread 0x00007fa909002000 Exception <a 'java/lang/NoSuchMethodError': Method sun.misc.Unsafe.prefetchRead(Ljava/lang/Object;J)V name or signature does not match> (0x0000000795587fa8) thrown at [/HUDSON3/workspace/8-2-build-macosx-x86_64/jdk8u101/7261/hotspot/src/share/vm/prims/jni
Event: 0.130 Thread 0x00007fa909002000 Exception <a 'java/security/PrivilegedActionException'> (0x000000079575b488) thrown at [/HUDSON3/workspace/8-2-build-macosx-x86_64/jdk8u101/7261/hotspot/src/share/vm/prims/jvm.cpp, line 1386]
Event: 0.130 Thread 0x00007fa909002000 Exception <a 'java/security/PrivilegedActionException'> (0x000000079575b698) thrown at [/HUDSON3/workspace/8-2-build-macosx-x86_64/jdk8u101/7261/hotspot/src/share/vm/prims/jvm.cpp, line 1386]
Event: 0.130 Thread 0x00007fa909002000 Exception <a 'java/security/PrivilegedActionException'> (0x000000079575eb88) thrown at [/HUDSON3/workspace/8-2-build-macosx-x86_64/jdk8u101/7261/hotspot/src/share/vm/prims/jvm.cpp, line 1386]
Event: 0.130 Thread 0x00007fa909002000 Exception <a 'java/security/PrivilegedActionException'> (0x000000079575ed98) thrown at [/HUDSON3/workspace/8-2-build-macosx-x86_64/jdk8u101/7261/hotspot/src/share/vm/prims/jvm.cpp, line 1386]
Event: 0.172 Thread 0x00007fa909002000 Exception <a 'java/lang/NoSuchFieldError': method resolution failed> (0x000000079582bcd8) thrown at [/HUDSON3/workspace/8-2-build-macosx-x86_64/jdk8u101/7261/hotspot/src/share/vm/prims/methodHandles.cpp, line 1146]
Event: 0.174 Thread 0x00007fa909002000 Exception <a 'java/lang/NoSuchFieldError': method resolution failed> (0x00000007958394b8) thrown at [/HUDSON3/workspace/8-2-build-macosx-x86_64/jdk8u101/7261/hotspot/src/share/vm/prims/methodHandles.cpp, line 1146]
Event: 0.328 Thread 0x00007fa909002000 Exception <a 'java/io/FileNotFoundException'> (0x00000007958b4038) thrown at [/HUDSON3/workspace/8-2-build-macosx-x86_64/jdk8u101/7261/hotspot/src/share/vm/prims/jni.cpp, line 709]
Event: 0.328 Thread 0x00007fa909002000 Exception <a 'java/io/FileNotFoundException'> (0x00000007958b4ba8) thrown at [/HUDSON3/workspace/8-2-build-macosx-x86_64/jdk8u101/7261/hotspot/src/share/vm/prims/jni.cpp, line 709]

Events (10 events):
Event: 2.996 Thread 0x00007fa909002000 DEOPT PACKING pc=0x0000000115dd1aa0 sp=0x000070000c4f1500
Event: 2.996 Thread 0x00007fa909002000 DEOPT UNPACKING pc=0x0000000115b04229 sp=0x000070000c4f14b0 mode 2
Event: 3.010 loading class site/root3287/lwjgl/model/TexturedModel
Event: 3.010 loading class site/root3287/lwjgl/model/TexturedModel done
Event: 3.017 loading class java/lang/IllegalAccessError
Event: 3.017 loading class java/lang/IllegalAccessError done
Event: 3.017 loading class site/root3287/lwjgl/audio/AudioSource
Event: 3.017 loading class site/root3287/lwjgl/audio/AudioSource done
Event: 3.017 loading class org/lwjgl/openal/AL10
Event: 3.017 loading class org/lwjgl/openal/AL10 done


Dynamic libraries:
0x000000000af6b000 	/System/Library/Frameworks/Cocoa.framework/Versions/A/Cocoa
0x000000000af6b000 	/System/Library/Frameworks/Security.framework/Versions/A/Security
0x000000000af6b000 	/System/Library/Frameworks/ApplicationServices.framework/Versions/A/ApplicationServices
0x000000000af6b000 	/usr/lib/libz.1.dylib
0x000000000af6b000 	/usr/lib/libSystem.B.dylib
0x000000000af6b000 	/usr/lib/libobjc.A.dylib
0x000000000af6b000 	/System/Library/Frameworks/CoreFoundation.framework/Versions/A/CoreFoundation
0x000000000af6b000 	/System/Library/Frameworks/Foundation.framework/Versions/C/Foundation
0x000000000af6b000 	/System/Library/Frameworks/AppKit.framework/Versions/C/AppKit
0x000000000af6b000 	/System/Library/Frameworks/CoreData.framework/Versions/A/CoreData
0x000000000af6b000 	/System/Library/PrivateFrameworks/RemoteViewServices.framework/Versions/A/RemoteViewServices
0x000000000af6b000 	/System/Library/PrivateFrameworks/UIFoundation.framework/Versions/A/UIFoundation
0x000000000af6b000 	/System/Library/PrivateFrameworks/DFRFoundation.framework/Versions/A/DFRFoundation
0x000000000af6b000 	/usr/lib/libenergytrace.dylib
0x000000000af6b000 	/System/Library/PrivateFrameworks/SkyLight.framework/Versions/A/SkyLight
0x000000000af6b000 	/System/Library/Frameworks/CoreGraphics.framework/Versions/A/CoreGraphics
0x000000000af6b000 	/usr/lib/libScreenReader.dylib
0x000000000af6b000 	/System/Library/Frameworks/Accelerate.framework/Versions/A/Accelerate
0x000000000af6b000 	/System/Library/Frameworks/IOSurface.framework/Versions/A/IOSurface
0x000000000af6b000 	/System/Library/Frameworks/AudioToolbox.framework/Versions/A/AudioToolbox
0x000000000af6b000 	/System/Library/Frameworks/AudioUnit.framework/Versions/A/AudioUnit
0x000000000af6b000 	/System/Library/PrivateFrameworks/DataDetectorsCore.framework/Versions/A/DataDetectorsCore
0x000000000af6b000 	/System/Library/PrivateFrameworks/DesktopServicesPriv.framework/Versions/A/DesktopServicesPriv
0x000000000af6b000 	/System/Library/Frameworks/Carbon.framework/Versions/A/Frameworks/HIToolbox.framework/Versions/A/HIToolbox
0x000000000af6b000 	/usr/lib/libicucore.A.dylib
0x000000000af6b000 	/System/Library/Frameworks/QuartzCore.framework/Versions/A/QuartzCore
0x000000000af6b000 	/System/Library/Frameworks/Carbon.framework/Versions/A/Frameworks/SpeechRecognition.framework/Versions/A/SpeechRecognition
0x000000000af6b000 	/usr/lib/libauto.dylib
0x000000000af6b000 	/usr/lib/libxml2.2.dylib
0x000000000af6b000 	/System/Library/PrivateFrameworks/CoreUI.framework/Versions/A/CoreUI
0x000000000af6b000 	/System/Library/Frameworks/CoreAudio.framework/Versions/A/CoreAudio
0x000000000af6b000 	/System/Library/Frameworks/DiskArbitration.framework/Versions/A/DiskArbitration
0x000000000af6b000 	/usr/lib/liblangid.dylib
0x000000000af6b000 	/System/Library/PrivateFrameworks/MultitouchSupport.framework/Versions/A/MultitouchSupport
0x000000000af6b000 	/System/Library/Frameworks/IOKit.framework/Versions/A/IOKit
0x000000000af6b000 	/usr/lib/libDiagnosticMessagesClient.dylib
0x000000000af6b000 	/System/Library/Frameworks/CoreServices.framework/Versions/A/CoreServices
0x000000000af6b000 	/System/Library/PrivateFrameworks/PerformanceAnalysis.framework/Versions/A/PerformanceAnalysis
0x000000000af6b000 	/System/Library/PrivateFrameworks/GenerationalStorage.framework/Versions/A/GenerationalStorage
0x000000000af6b000 	/System/Library/Frameworks/OpenGL.framework/Versions/A/OpenGL
0x000000000af6b000 	/System/Library/Frameworks/CoreImage.framework/Versions/A/CoreImage
0x000000000af6b000 	/System/Library/Frameworks/CoreText.framework/Versions/A/CoreText
0x000000000af6b000 	/System/Library/Frameworks/ImageIO.framework/Versions/A/ImageIO
0x000000000af6b000 	/System/Library/PrivateFrameworks/Backup.framework/Versions/A/Backup
0x000000000af6b000 	/usr/lib/libarchive.2.dylib
0x000000000af6b000 	/System/Library/Frameworks/CFNetwork.framework/Versions/A/CFNetwork
0x000000000af6b000 	/System/Library/Frameworks/SystemConfiguration.framework/Versions/A/SystemConfiguration
0x000000000af6b000 	/usr/lib/libCRFSuite.dylib
0x000000000af6b000 	/usr/lib/libc++.1.dylib
0x000000000af6b000 	/usr/lib/libc++abi.dylib
0x000000000af6b000 	/usr/lib/system/libcache.dylib
0x000000000af6b000 	/usr/lib/system/libcommonCrypto.dylib
0x000000000af6b000 	/usr/lib/system/libcompiler_rt.dylib
0x000000000af6b000 	/usr/lib/system/libcopyfile.dylib
0x000000000af6b000 	/usr/lib/system/libcorecrypto.dylib
0x000000000af6b000 	/usr/lib/system/libdispatch.dylib
0x000000000af6b000 	/usr/lib/system/libdyld.dylib
0x000000000af6b000 	/usr/lib/system/libkeymgr.dylib
0x000000000af6b000 	/usr/lib/system/liblaunch.dylib
0x000000000af6b000 	/usr/lib/system/libmacho.dylib
0x000000000af6b000 	/usr/lib/system/libquarantine.dylib
0x000000000af6b000 	/usr/lib/system/libremovefile.dylib
0x000000000af6b000 	/usr/lib/system/libsystem_asl.dylib
0x000000000af6b000 	/usr/lib/system/libsystem_blocks.dylib
0x000000000af6b000 	/usr/lib/system/libsystem_c.dylib
0x000000000af6b000 	/usr/lib/system/libsystem_configuration.dylib
0x000000000af6b000 	/usr/lib/system/libsystem_coreservices.dylib
0x000000000af6b000 	/usr/lib/system/libsystem_coretls.dylib
0x000000000af6b000 	/usr/lib/system/libsystem_dnssd.dylib
0x000000000af6b000 	/usr/lib/system/libsystem_info.dylib
0x000000000af6b000 	/usr/lib/system/libsystem_kernel.dylib
0x000000000af6b000 	/usr/lib/system/libsystem_m.dylib
0x000000000af6b000 	/usr/lib/system/libsystem_malloc.dylib
0x000000000af6b000 	/usr/lib/system/libsystem_network.dylib
0x000000000af6b000 	/usr/lib/system/libsystem_networkextension.dylib
0x000000000af6b000 	/usr/lib/system/libsystem_notify.dylib
0x000000000af6b000 	/usr/lib/system/libsystem_platform.dylib
0x000000000af6b000 	/usr/lib/system/libsystem_pthread.dylib
0x000000000af6b000 	/usr/lib/system/libsystem_sandbox.dylib
0x000000000af6b000 	/usr/lib/system/libsystem_secinit.dylib
0x000000000af6b000 	/usr/lib/system/libsystem_symptoms.dylib
0x000000000af6b000 	/usr/lib/system/libsystem_trace.dylib
0x000000000af6b000 	/usr/lib/system/libunwind.dylib
0x000000000af6b000 	/usr/lib/system/libxpc.dylib
0x000000000af6b000 	/usr/lib/libbsm.0.dylib
0x000000000af6b000 	/usr/lib/system/libkxld.dylib
0x000000000af6b000 	/usr/lib/libcoretls.dylib
0x000000000af6b000 	/usr/lib/libcoretls_cfhelpers.dylib
0x000000000af6b000 	/usr/lib/libOpenScriptingUtil.dylib
0x000000000af6b000 	/usr/lib/libpam.2.dylib
0x000000000af6b000 	/usr/lib/libsqlite3.dylib
0x000000000af6b000 	/usr/lib/libxar.1.dylib
0x000000000af6b000 	/usr/lib/libbz2.1.0.dylib
0x000000000af6b000 	/usr/lib/liblzma.5.dylib
0x000000000af6b000 	/usr/lib/libnetwork.dylib
0x000000000af6b000 	/usr/lib/libpcap.A.dylib
0x000000000af6b000 	/System/Library/Frameworks/CoreServices.framework/Versions/A/Frameworks/FSEvents.framework/Versions/A/FSEvents
0x000000000af6b000 	/System/Library/Frameworks/CoreServices.framework/Versions/A/Frameworks/CarbonCore.framework/Versions/A/CarbonCore
0x000000000af6b000 	/System/Library/Frameworks/CoreServices.framework/Versions/A/Frameworks/Metadata.framework/Versions/A/Metadata
0x000000000af6b000 	/System/Library/Frameworks/CoreServices.framework/Versions/A/Frameworks/OSServices.framework/Versions/A/OSServices
0x000000000af6b000 	/System/Library/Frameworks/CoreServices.framework/Versions/A/Frameworks/SearchKit.framework/Versions/A/SearchKit
0x000000000af6b000 	/System/Library/Frameworks/CoreServices.framework/Versions/A/Frameworks/AE.framework/Versions/A/AE
0x000000000af6b000 	/System/Library/Frameworks/CoreServices.framework/Versions/A/Frameworks/LaunchServices.framework/Versions/A/LaunchServices
0x000000000af6b000 	/System/Library/Frameworks/CoreServices.framework/Versions/A/Frameworks/DictionaryServices.framework/Versions/A/DictionaryServices
0x000000000af6b000 	/System/Library/Frameworks/CoreServices.framework/Versions/A/Frameworks/SharedFileList.framework/Versions/A/SharedFileList
0x000000000af6b000 	/System/Library/Frameworks/NetFS.framework/Versions/A/NetFS
0x000000000af6b000 	/System/Library/PrivateFrameworks/NetAuth.framework/Versions/A/NetAuth
0x000000000af6b000 	/System/Library/PrivateFrameworks/login.framework/Versions/A/Frameworks/loginsupport.framework/Versions/A/loginsupport
0x000000000af6b000 	/System/Library/PrivateFrameworks/TCC.framework/Versions/A/TCC
0x000000000af6b000 	/usr/lib/libmecabra.dylib
0x000000000af6b000 	/System/Library/Frameworks/ApplicationServices.framework/Versions/A/Frameworks/ATS.framework/Versions/A/ATS
0x000000000af6b000 	/System/Library/Frameworks/ApplicationServices.framework/Versions/A/Frameworks/ColorSync.framework/Versions/A/ColorSync
0x000000000af6b000 	/System/Library/Frameworks/ApplicationServices.framework/Versions/A/Frameworks/HIServices.framework/Versions/A/HIServices
0x000000000af6b000 	/System/Library/Frameworks/ApplicationServices.framework/Versions/A/Frameworks/LangAnalysis.framework/Versions/A/LangAnalysis
0x000000000af6b000 	/System/Library/Frameworks/ApplicationServices.framework/Versions/A/Frameworks/PrintCore.framework/Versions/A/PrintCore
0x000000000af6b000 	/System/Library/Frameworks/ApplicationServices.framework/Versions/A/Frameworks/QD.framework/Versions/A/QD
0x000000000af6b000 	/System/Library/Frameworks/ApplicationServices.framework/Versions/A/Frameworks/SpeechSynthesis.framework/Versions/A/SpeechSynthesis
0x000000000af6b000 	/System/Library/Frameworks/Accelerate.framework/Versions/A/Frameworks/vImage.framework/Versions/A/vImage
0x000000000af6b000 	/System/Library/Frameworks/Accelerate.framework/Versions/A/Frameworks/vecLib.framework/Versions/A/vecLib
0x000000000af6b000 	/System/Library/Frameworks/Accelerate.framework/Versions/A/Frameworks/vecLib.framework/Versions/A/libvDSP.dylib
0x000000000af6b000 	/System/Library/Frameworks/Accelerate.framework/Versions/A/Frameworks/vecLib.framework/Versions/A/libBNNS.dylib
0x000000000af6b000 	/System/Library/Frameworks/Accelerate.framework/Versions/A/Frameworks/vecLib.framework/Versions/A/libQuadrature.dylib
0x000000000af6b000 	/System/Library/Frameworks/Accelerate.framework/Versions/A/Frameworks/vecLib.framework/Versions/A/libvMisc.dylib
0x000000000af6b000 	/System/Library/Frameworks/Accelerate.framework/Versions/A/Frameworks/vecLib.framework/Versions/A/libLAPACK.dylib
0x000000000af6b000 	/System/Library/Frameworks/Accelerate.framework/Versions/A/Frameworks/vecLib.framework/Versions/A/libBLAS.dylib
0x000000000af6b000 	/System/Library/Frameworks/Accelerate.framework/Versions/A/Frameworks/vecLib.framework/Versions/A/libLinearAlgebra.dylib
0x000000000af6b000 	/System/Library/Frameworks/Accelerate.framework/Versions/A/Frameworks/vecLib.framework/Versions/A/libSparseBLAS.dylib
0x000000000af6b000 	/System/Library/Frameworks/ApplicationServices.framework/Versions/A/Frameworks/ATS.framework/Versions/A/Resources/libFontParser.dylib
0x000000000af6b000 	/System/Library/Frameworks/ApplicationServices.framework/Versions/A/Frameworks/ATS.framework/Versions/A/Resources/libFontRegistry.dylib
0x000000000af6b000 	/System/Library/Frameworks/ImageIO.framework/Versions/A/Resources/libJPEG.dylib
0x000000000af6b000 	/System/Library/Frameworks/ImageIO.framework/Versions/A/Resources/libTIFF.dylib
0x000000000af6b000 	/System/Library/Frameworks/ImageIO.framework/Versions/A/Resources/libPng.dylib
0x000000000af6b000 	/System/Library/Frameworks/ImageIO.framework/Versions/A/Resources/libGIF.dylib
0x000000000af6b000 	/System/Library/Frameworks/ImageIO.framework/Versions/A/Resources/libJP2.dylib
0x000000000af6b000 	/System/Library/Frameworks/ImageIO.framework/Versions/A/Resources/libRadiance.dylib
0x000000000af6b000 	/usr/lib/libcompression.dylib
0x000000000af6b000 	/System/Library/PrivateFrameworks/AppleJPEG.framework/Versions/A/AppleJPEG
0x000000000af6b000 	/usr/lib/libcups.2.dylib
0x000000000af6b000 	/System/Library/Frameworks/Kerberos.framework/Versions/A/Kerberos
0x000000000af6b000 	/System/Library/Frameworks/GSS.framework/Versions/A/GSS
0x000000000af6b000 	/usr/lib/libresolv.9.dylib
0x000000000af6b000 	/usr/lib/libiconv.2.dylib
0x000000000af6b000 	/System/Library/PrivateFrameworks/Heimdal.framework/Versions/A/Heimdal
0x000000000af6b000 	/usr/lib/libheimdal-asn1.dylib
0x000000000af6b000 	/System/Library/Frameworks/OpenDirectory.framework/Versions/A/OpenDirectory
0x000000000af6b000 	/System/Library/PrivateFrameworks/CommonAuth.framework/Versions/A/CommonAuth
0x000000000af6b000 	/System/Library/Frameworks/OpenDirectory.framework/Versions/A/Frameworks/CFOpenDirectory.framework/Versions/A/CFOpenDirectory
0x000000000af6b000 	/System/Library/Frameworks/SecurityFoundation.framework/Versions/A/SecurityFoundation
0x000000000af6b000 	/System/Library/PrivateFrameworks/LanguageModeling.framework/Versions/A/LanguageModeling
0x000000000af6b000 	/usr/lib/libmarisa.dylib
0x000000000af6b000 	/usr/lib/libChineseTokenizer.dylib
0x000000000af6b000 	/usr/lib/libcmph.dylib
0x000000000af6b000 	/System/Library/PrivateFrameworks/CoreEmoji.framework/Versions/A/CoreEmoji
0x000000000af6b000 	/System/Library/Frameworks/ServiceManagement.framework/Versions/A/ServiceManagement
0x000000000af6b000 	/usr/lib/libxslt.1.dylib
0x000000000af6b000 	/System/Library/Frameworks/Carbon.framework/Versions/A/Frameworks/Ink.framework/Versions/A/Ink
0x000000000af6b000 	/System/Library/PrivateFrameworks/TextureIO.framework/Versions/A/TextureIO
0x000000000af6b000 	/System/Library/Frameworks/Metal.framework/Versions/A/Metal
0x000000000af6b000 	/usr/lib/libate.dylib
0x000000000af6b000 	/System/Library/PrivateFrameworks/GPUCompiler.framework/libmetal_timestamp.dylib
0x000000000af6b000 	/System/Library/Frameworks/OpenGL.framework/Versions/A/Libraries/libCoreFSCache.dylib
0x000000000af6b000 	/System/Library/PrivateFrameworks/IOAccelerator.framework/Versions/A/IOAccelerator
0x000000000af6b000 	/System/Library/Frameworks/CoreVideo.framework/Versions/A/CoreVideo
0x000000000af6b000 	/usr/lib/libFosl_dynamic.dylib
0x000000000af6b000 	/System/Library/PrivateFrameworks/MetalPerformanceShaders.framework/Versions/A/MetalPerformanceShaders
0x000000000af6b000 	/System/Library/PrivateFrameworks/FaceCore.framework/Versions/A/FaceCore
0x000000000af6b000 	/System/Library/Frameworks/OpenCL.framework/Versions/A/OpenCL
0x000000000af6b000 	/System/Library/Frameworks/OpenGL.framework/Versions/A/Libraries/libGLU.dylib
0x000000000af6b000 	/System/Library/Frameworks/OpenGL.framework/Versions/A/Libraries/libGFXShared.dylib
0x000000000af6b000 	/System/Library/Frameworks/OpenGL.framework/Versions/A/Libraries/libGL.dylib
0x000000000af6b000 	/System/Library/Frameworks/OpenGL.framework/Versions/A/Libraries/libGLImage.dylib
0x000000000af6b000 	/System/Library/Frameworks/OpenGL.framework/Versions/A/Libraries/libCVMSPluginSupport.dylib
0x000000000af6b000 	/System/Library/Frameworks/OpenGL.framework/Versions/A/Libraries/libCoreVMClient.dylib
0x000000000af6b000 	/System/Library/PrivateFrameworks/CrashReporterSupport.framework/Versions/A/CrashReporterSupport
0x000000000af6b000 	/System/Library/PrivateFrameworks/Sharing.framework/Versions/A/Sharing
0x000000000af6b000 	/System/Library/PrivateFrameworks/IconServices.framework/Versions/A/IconServices
0x000000000af6b000 	/System/Library/PrivateFrameworks/ProtocolBuffer.framework/Versions/A/ProtocolBuffer
0x000000000af6b000 	/System/Library/PrivateFrameworks/Apple80211.framework/Versions/A/Apple80211
0x000000000af6b000 	/System/Library/Frameworks/CoreWLAN.framework/Versions/A/CoreWLAN
0x000000000af6b000 	/System/Library/PrivateFrameworks/CoreUtils.framework/Versions/A/CoreUtils
0x000000000af6b000 	/System/Library/Frameworks/IOBluetooth.framework/Versions/A/IOBluetooth
0x000000000af6b000 	/System/Library/PrivateFrameworks/CoreWiFi.framework/Versions/A/CoreWiFi
0x000000000af6b000 	/System/Library/Frameworks/CoreBluetooth.framework/Versions/A/CoreBluetooth
0x000000000af6b000 	/System/Library/Frameworks/CoreDisplay.framework/Versions/A/CoreDisplay
0x000000000af6b000 	/System/Library/PrivateFrameworks/IOPresentment.framework/Versions/A/IOPresentment
0x000000000af6b000 	/System/Library/PrivateFrameworks/DSExternalDisplay.framework/Versions/A/DSExternalDisplay
0x000000000af6b000 	/System/Library/PrivateFrameworks/DebugSymbols.framework/Versions/A/DebugSymbols
0x000000000af6b000 	/System/Library/PrivateFrameworks/CoreSymbolication.framework/Versions/A/CoreSymbolication
0x000000000af6b000 	/System/Library/PrivateFrameworks/Symbolication.framework/Versions/A/Symbolication
0x000000000af6b000 	/System/Library/PrivateFrameworks/AppleFSCompression.framework/Versions/A/AppleFSCompression
0x000000000af6b000 	/System/Library/PrivateFrameworks/SpeechRecognitionCore.framework/Versions/A/SpeechRecognitionCore
0x000000000af6b000 	/System/Library/PrivateFrameworks/ChunkingLibrary.framework/Versions/A/ChunkingLibrary
0x000000010e6af000 	/Library/Java/JavaVirtualMachines/jdk1.8.0_101.jdk/Contents/Home/jre/lib/server/libjvm.dylib
0x000000010f64c000 	/usr/lib/libstdc++.6.dylib
0x000000010f705000 	/Library/Java/JavaVirtualMachines/jdk1.8.0_101.jdk/Contents/Home/jre/lib/libverify.dylib
0x000000010f713000 	/Library/Java/JavaVirtualMachines/jdk1.8.0_101.jdk/Contents/Home/jre/lib/libjava.dylib
0x000000010f752000 	/Library/Java/JavaVirtualMachines/jdk1.8.0_101.jdk/Contents/Home/jre/lib/libzip.dylib
0x000000012595f000 	/System/Library/Frameworks/JavaVM.framework/Frameworks/JavaRuntimeSupport.framework/JavaRuntimeSupport
0x0000000125979000 	/System/Library/Frameworks/JavaVM.framework/Versions/A/Frameworks/JavaNativeFoundation.framework/Versions/A/JavaNativeFoundation
0x0000000115a62000 	/System/Library/Frameworks/JavaVM.framework/Versions/A/JavaVM
0x000000000af6b000 	/System/Library/Frameworks/Carbon.framework/Versions/A/Carbon
0x000000012598e000 	/System/Library/PrivateFrameworks/JavaLaunching.framework/Versions/A/JavaLaunching
0x000000000af6b000 	/System/Library/Frameworks/Carbon.framework/Versions/A/Frameworks/CommonPanels.framework/Versions/A/CommonPanels
0x000000000af6b000 	/System/Library/Frameworks/Carbon.framework/Versions/A/Frameworks/Help.framework/Versions/A/Help
0x000000000af6b000 	/System/Library/Frameworks/Carbon.framework/Versions/A/Frameworks/ImageCapture.framework/Versions/A/ImageCapture
0x000000000af6b000 	/System/Library/Frameworks/Carbon.framework/Versions/A/Frameworks/OpenScripting.framework/Versions/A/OpenScripting
0x000000000af6b000 	/System/Library/Frameworks/Carbon.framework/Versions/A/Frameworks/Print.framework/Versions/A/Print
0x000000000af6b000 	/System/Library/Frameworks/Carbon.framework/Versions/A/Frameworks/SecurityHI.framework/Versions/A/SecurityHI
0x00000001272aa000 	/Library/Java/JavaVirtualMachines/jdk1.8.0_101.jdk/Contents/Home/jre/lib/libawt.dylib
0x0000000127352000 	/Library/Java/JavaVirtualMachines/jdk1.8.0_101.jdk/Contents/Home/jre/lib/./libmlib_image.dylib
0x000000012741e000 	/Library/Java/JavaVirtualMachines/jdk1.8.0_101.jdk/Contents/Home/jre/lib/libawt_lwawt.dylib
0x00000001274d3000 	/Library/Java/JavaVirtualMachines/jdk1.8.0_101.jdk/Contents/Home/jre/lib/./libosxapp.dylib
0x000000000af6b000 	/System/Library/Frameworks/ExceptionHandling.framework/Versions/A/ExceptionHandling
0x000000000af6b000 	/System/Library/PrivateFrameworks/CoreServicesInternal.framework/Versions/A/CoreServicesInternal
0x000000000af6b000 	/System/Library/CoreServices/RawCamera.bundle/Contents/MacOS/RawCamera
0x000000012808f000 	/System/Library/Frameworks/Accelerate.framework/Frameworks/vImage.framework/Versions/A/Libraries/libCGInterfaces.dylib
0x000000000af6b000 	/System/Library/Frameworks/ApplicationServices.framework/Versions/A/Frameworks/ATS.framework/Versions/A/Resources/libTrueTypeScaler.dylib
0x0000000129380000 	/System/Library/Frameworks/OpenGL.framework/Resources/GLEngine.bundle/GLEngine
0x000000000af6b000 	/System/Library/Frameworks/OpenGL.framework/Versions/A/Libraries/libGLProgrammability.dylib
0x0000000129565000 	/System/Library/Extensions/AppleIntelBDWGraphicsGLDriver.bundle/Contents/MacOS/AppleIntelBDWGraphicsGLDriver
0x000000000af6b000 	/System/Library/PrivateFrameworks/GPUSupport.framework/Versions/A/Libraries/libGPUSupportMercury.dylib
0x0000000129ccf000 	/System/Library/Frameworks/OpenGL.framework/Resources//GLRendererFloat.bundle/GLRendererFloat
0x000000000af6b000 	/System/Library/Frameworks/OpenCL.framework/Versions/A/Libraries/libcldcpuengine.dylib
0x000000000af6b000 	/usr/lib/libcrypto.0.9.8.dylib
0x000000000af6b000 	/System/Library/PrivateFrameworks/TrustEvaluationAgent.framework/Versions/A/TrustEvaluationAgent
0x0000000129d03000 	/System/Library/Extensions/AppleIntelBDWGraphicsMTLDriver.bundle/Contents/MacOS/AppleIntelBDWGraphicsMTLDriver
0x000000000af6b000 	/System/Library/PrivateFrameworks/FamilyControls.framework/Versions/A/FamilyControls
0x000000000af6b000 	/System/Library/PrivateFrameworks/CommerceKit.framework/Versions/A/Frameworks/CommerceCore.framework/Versions/A/CommerceCore
0x000000000af6b000 	/System/Library/PrivateFrameworks/SystemAdministration.framework/Versions/A/SystemAdministration
0x000000000af6b000 	/System/Library/PrivateFrameworks/AppContainer.framework/Versions/A/AppContainer
0x000000000af6b000 	/System/Library/PrivateFrameworks/SecCodeWrapper.framework/Versions/A/SecCodeWrapper
0x000000000af6b000 	/System/Library/Frameworks/DirectoryService.framework/Versions/A/DirectoryService
0x000000000af6b000 	/System/Library/PrivateFrameworks/DiskImages.framework/Versions/A/DiskImages
0x000000000af6b000 	/System/Library/PrivateFrameworks/LoginUIKit.framework/Versions/A/Frameworks/LoginUICore.framework/Versions/A/LoginUICore
0x000000000af6b000 	/usr/lib/libCoreStorage.dylib
0x000000000af6b000 	/usr/lib/libcsfde.dylib
0x000000000af6b000 	/usr/lib/libodfde.dylib
0x000000000af6b000 	/System/Library/Frameworks/DiscRecording.framework/Versions/A/DiscRecording
0x000000000af6b000 	/usr/lib/libcurl.4.dylib
0x000000000af6b000 	/System/Library/PrivateFrameworks/MediaKit.framework/Versions/A/MediaKit
0x000000000af6b000 	/System/Library/PrivateFrameworks/ProtectedCloudStorage.framework/Versions/A/ProtectedCloudStorage
0x000000000af6b000 	/System/Library/PrivateFrameworks/EFILogin.framework/Versions/A/EFILogin
0x000000000af6b000 	/usr/lib/libutil.dylib
0x000000000af6b000 	/System/Library/Frameworks/LDAP.framework/Versions/A/LDAP
0x000000000af6b000 	/usr/lib/libsasl2.2.dylib
0x000000000af6b000 	/System/Library/PrivateFrameworks/CoreDaemon.framework/Versions/B/CoreDaemon
0x000000000af6b000 	/System/Library/PrivateFrameworks/AppleSRP.framework/Versions/A/AppleSRP
0x000000000af6b000 	/System/Library/PrivateFrameworks/APFS.framework/Versions/A/APFS
0x000000012b49d000 	/Library/Java/JavaVirtualMachines/jdk1.8.0_101.jdk/Contents/Home/jre/lib/libfontmanager.dylib
0x000000012b504000 	/Users/Timothy/Documents/Java Workspace/lwjgl/lib/native/macosx/liblwjgl.dylib
0x00000001287a9000 	/Library/Java/JavaVirtualMachines/jdk1.8.0_101.jdk/Contents/Home/jre/lib/libjawt.dylib
0x000000000af6b000 	/System/Library/PrivateFrameworks/ViewBridge.framework/Versions/A/ViewBridge
0x000000000af6b000 	/System/Library/PrivateFrameworks/XPCService.framework/Versions/A/XPCService
0x000000000af6b000 	/System/Library/PrivateFrameworks/AppSandbox.framework/Versions/A/AppSandbox
0x000000000af6b000 	/usr/lib/libsandbox.1.dylib
0x000000000af6b000 	/usr/lib/libMatch.1.dylib

VM Arguments:
jvm_args: -Djava.library.path=/Users/Timothy/Documents/Java Workspace/lwjgl/lib/native/macosx -Dfile.encoding=UTF-8 
java_command: site.root3287.lwjgl.LWJGL
java_class_path (initial): /Users/Timothy/Documents/git/LWJGL-Game-Engine/bin:/Users/Timothy/Documents/git/LWJGL-Game-Engine/lib/lwjgl_util.jar:/Users/Timothy/Documents/git/LWJGL-Game-Engine/lib/lwjgl.jar:/Users/Timothy/Documents/git/LWJGL-Game-Engine/lib/slick-util.jar
Launcher Type: SUN_STANDARD

Environment Variables:
PATH=/usr/bin:/bin:/usr/sbin:/sbin
SHELL=/bin/bash
DISPLAY=/private/tmp/com.apple.launchd.za6Ulv4yqU/org.macosforge.xquartz:0

Signal Handlers:
SIGSEGV: [libjvm.dylib+0x5af145], sa_mask[0]=11111111011111110111111111111111, sa_flags=SA_ONSTACK|SA_RESTART|SA_SIGINFO
SIGBUS: [libjvm.dylib+0x5af145], sa_mask[0]=11111111011111110111111111111111, sa_flags=SA_RESTART|SA_SIGINFO
SIGFPE: [libjvm.dylib+0x48694c], sa_mask[0]=11111111011111110111111111111111, sa_flags=SA_RESTART|SA_SIGINFO
SIGPIPE: [libjvm.dylib+0x48694c], sa_mask[0]=11111111011111110111111111111111, sa_flags=SA_RESTART|SA_SIGINFO
SIGXFSZ: [libjvm.dylib+0x48694c], sa_mask[0]=11111111011111110111111111111111, sa_flags=SA_RESTART|SA_SIGINFO
SIGILL: [libjvm.dylib+0x48694c], sa_mask[0]=11111111011111110111111111111111, sa_flags=SA_RESTART|SA_SIGINFO
SIGUSR1: SIG_DFL, sa_mask[0]=00000000000000000000000000000000, sa_flags=none
SIGUSR2: [libjvm.dylib+0x48646a], sa_mask[0]=00100000000000000000000000000000, sa_flags=SA_RESTART|SA_SIGINFO
SIGHUP: [libjvm.dylib+0x484a41], sa_mask[0]=11111111011111110111111111111111, sa_flags=SA_RESTART|SA_SIGINFO
SIGINT: [libjvm.dylib+0x484a41], sa_mask[0]=11111111011111110111111111111111, sa_flags=SA_RESTART|SA_SIGINFO
SIGTERM: [libjvm.dylib+0x484a41], sa_mask[0]=11111111011111110111111111111111, sa_flags=SA_RESTART|SA_SIGINFO
SIGQUIT: [libjvm.dylib+0x484a41], sa_mask[0]=11111111011111110111111111111111, sa_flags=SA_RESTART|SA_SIGINFO


---------------  S Y S T E M  ---------------

OS:Bsduname:Darwin 16.5.0 Darwin Kernel Version 16.5.0: Tue Feb 21 23:39:59 PST 2017; root:xnu-3789.51.1~3/RELEASE_X86_64 x86_64
rlimit: STACK 8192k, CORE 0k, NPROC 709, NOFILE 10240, AS infinity
load average:1.49 1.44 1.41

CPU:total 4 (2 cores per cpu, 2 threads per core) family 6 model 61 stepping 4, cmov, cx8, fxsr, mmx, sse, sse2, sse3, ssse3, sse4.1, sse4.2, popcnt, avx, avx2, aes, clmul, erms, 3dnowpref, lzcnt, ht, tsc, tscinvbit, bmi1, bmi2, adx

Memory: 4k page, physical 8388608k(1248636k free)

/proc/meminfo:


vm_info: Java HotSpot(TM) 64-Bit Server VM (25.101-b13) for bsd-amd64 JRE (1.8.0_101-b13), built on Jun 22 2016 02:42:15 by "java_re" with gcc 4.2.1 (Based on Apple Inc. build 5658) (LLVM build 2336.11.00)

time: Mon Mar  6 14:34:36 2017
elapsed time: 3 seconds (0d 0h 0m 3s)

